<?xml version="1.0" encoding="UTF-8"?>
<robot generator="Robot 7.0.1 (Python 3.12.2 on win32)" generated="2024-07-25T15:34:57.184801" rpa="false" schemaversion="5">
<suite id="s1" name="PracticeAutomation login" source="C:\Users\One\Desktop\Robot_framework\PracticeAutomation_login.robot">
<test id="s1-t1" name="User Login" line="12">
<kw name="Open Browser" owner="SeleniumLibrary">
<msg time="2024-07-25T15:34:57.433421" level="INFO">Opening browser 'chrome' to base url 'https://practicetestautomation.com/practice-test-login'.</msg>
<arg>${URL}</arg>
<arg>chrome</arg>
<doc>Opens a new browser instance to the optional ``url``.</doc>
<status status="PASS" start="2024-07-25T15:34:57.432405" elapsed="5.680239"/>
</kw>
<kw name="Maximize Browser Window" owner="SeleniumLibrary">
<doc>Maximizes current browser window.</doc>
<status status="PASS" start="2024-07-25T15:35:03.115241" elapsed="0.040493"/>
</kw>
<kw name="Sleep" owner="BuiltIn">
<msg time="2024-07-25T15:35:06.156907" level="INFO">Slept 3 seconds.</msg>
<arg>3</arg>
<doc>Pauses the test executed for the given time.</doc>
<status status="PASS" start="2024-07-25T15:35:03.156732" elapsed="3.000175"/>
</kw>
<kw name="Input Text" owner="SeleniumLibrary">
<msg time="2024-07-25T15:35:06.158561" level="INFO">Typing text 'student' into text field 'id=username'.</msg>
<arg>${username_id}</arg>
<arg>student</arg>
<doc>Types the given ``text`` into the text field identified by ``locator``.</doc>
<status status="PASS" start="2024-07-25T15:35:06.158048" elapsed="0.139069"/>
</kw>
<kw name="Input Text" owner="SeleniumLibrary">
<msg time="2024-07-25T15:35:06.299076" level="INFO">Typing text 'Password123' into text field 'id=password'.</msg>
<arg>${password_id}</arg>
<arg>Password123</arg>
<doc>Types the given ``text`` into the text field identified by ``locator``.</doc>
<status status="PASS" start="2024-07-25T15:35:06.297117" elapsed="0.108447"/>
</kw>
<kw name="Click Element" owner="SeleniumLibrary">
<msg time="2024-07-25T15:35:06.405564" level="INFO">Clicking element 'id=submit'.</msg>
<arg>${submit_id}</arg>
<doc>Click the element identified by ``locator``.</doc>
<status status="PASS" start="2024-07-25T15:35:06.405564" elapsed="2.530550"/>
</kw>
<kw name="Element Text Should Be" owner="SeleniumLibrary">
<msg time="2024-07-25T15:35:08.936633" level="INFO">Verifying element 'xpath=//*[@id="loop-container"]/div/article/div[1]/h1' contains exact text 'Logged In Successfully'.</msg>
<arg>${success_message}</arg>
<arg>Logged In Successfully</arg>
<doc>Verifies that element ``locator`` contains exact the text ``expected``.</doc>
<status status="PASS" start="2024-07-25T15:35:08.936633" elapsed="0.032479"/>
</kw>
<kw name="Sleep" owner="BuiltIn">
<msg time="2024-07-25T15:35:09.969720" level="INFO">Slept 1 second.</msg>
<arg>1</arg>
<doc>Pauses the test executed for the given time.</doc>
<status status="PASS" start="2024-07-25T15:35:08.969112" elapsed="1.000608"/>
</kw>
<status status="PASS" start="2024-07-25T15:34:57.431325" elapsed="12.538900"/>
</test>
<status status="PASS" start="2024-07-25T15:34:57.186964" elapsed="12.783261"/>
</suite>
<statistics>
<total>
<stat pass="1" fail="0" skip="0">All Tests</stat>
</total>
<tag>
</tag>
<suite>
<stat pass="1" fail="0" skip="0" id="s1" name="PracticeAutomation login">PracticeAutomation login</stat>
</suite>
</statistics>
<errors>
</errors>
</robot>
