<?xml version="1.0" encoding="UTF-8"?>
<robot generator="Robot 7.0.1 (Python 3.12.2 on win32)" generated="2024-07-20T10:52:51.419979" rpa="false" schemaversion="5">
<suite id="s1" name="Demo2" source="C:\Users\One\Desktop\Robot_framework\demo2.robot">
<test id="s1-t1" name="TestBrowserKeywords" line="5">
<kw name="Open Browser" owner="SeleniumLibrary">
<msg time="2024-07-20T10:52:51.701853" level="INFO">Opening browser 'chrome' to base url 'https://www.google.com/'.</msg>
<arg>https://www.google.com/</arg>
<arg>chrome</arg>
<doc>Opens a new browser instance to the optional ``url``.</doc>
<status status="PASS" start="2024-07-20T10:52:51.701853" elapsed="3.257194"/>
</kw>
<kw name="Maximize Browser Window" owner="SeleniumLibrary">
<doc>Maximizes current browser window.</doc>
<status status="PASS" start="2024-07-20T10:52:54.961281" elapsed="0.074996"/>
</kw>
<kw name="Sleep" owner="BuiltIn">
<msg time="2024-07-20T10:52:56.038405" level="INFO">Slept 1 second.</msg>
<arg>1</arg>
<doc>Pauses the test executed for the given time.</doc>
<status status="PASS" start="2024-07-20T10:52:55.037281" elapsed="1.001124"/>
</kw>
<kw name="Get Location" owner="SeleniumLibrary">
<msg time="2024-07-20T10:52:56.045725" level="INFO">${loc} = https://www.google.com/</msg>
<var>${loc}</var>
<doc>Returns the current browser window URL.</doc>
<status status="PASS" start="2024-07-20T10:52:56.039414" elapsed="0.006311"/>
</kw>
<kw name="Log To Console" owner="BuiltIn">
<arg>${loc}</arg>
<doc>Logs the given message to the console.</doc>
<status status="PASS" start="2024-07-20T10:52:56.046906" elapsed="0.000000"/>
</kw>
<kw name="Sleep" owner="BuiltIn">
<msg time="2024-07-20T10:52:57.048377" level="INFO">Slept 1 second.</msg>
<arg>1</arg>
<doc>Pauses the test executed for the given time.</doc>
<status status="PASS" start="2024-07-20T10:52:56.046906" elapsed="1.001471"/>
</kw>
<kw name="Go To" owner="SeleniumLibrary">
<msg time="2024-07-20T10:52:57.048377" level="INFO">Opening url 'https://www.facebook.com/'</msg>
<arg>https://www.facebook.com/</arg>
<doc>Navigates the current browser window to the provided ``url``.</doc>
<status status="PASS" start="2024-07-20T10:52:57.048377" elapsed="1.245011"/>
</kw>
<kw name="Get Location" owner="SeleniumLibrary">
<msg time="2024-07-20T10:52:58.305847" level="INFO">${loc} = https://www.facebook.com/</msg>
<var>${loc}</var>
<doc>Returns the current browser window URL.</doc>
<status status="PASS" start="2024-07-20T10:52:58.293388" elapsed="0.012459"/>
</kw>
<kw name="Log To Console" owner="BuiltIn">
<arg>${loc}</arg>
<doc>Logs the given message to the console.</doc>
<status status="PASS" start="2024-07-20T10:52:58.307591" elapsed="0.001276"/>
</kw>
<kw name="Sleep" owner="BuiltIn">
<msg time="2024-07-20T10:52:59.310393" level="INFO">Slept 1 second.</msg>
<arg>1</arg>
<doc>Pauses the test executed for the given time.</doc>
<status status="PASS" start="2024-07-20T10:52:58.309880" elapsed="1.000513"/>
</kw>
<kw name="Go Back" owner="SeleniumLibrary">
<doc>Simulates the user clicking the back button on their browser.</doc>
<status status="PASS" start="2024-07-20T10:52:59.310393" elapsed="0.039527"/>
</kw>
<kw name="Get Location" owner="SeleniumLibrary">
<msg time="2024-07-20T10:52:59.378748" level="INFO">${loc} = https://www.google.com/</msg>
<var>${loc}</var>
<doc>Returns the current browser window URL.</doc>
<status status="PASS" start="2024-07-20T10:52:59.351781" elapsed="0.026967"/>
</kw>
<kw name="Log To Console" owner="BuiltIn">
<arg>${loc}</arg>
<doc>Logs the given message to the console.</doc>
<status status="PASS" start="2024-07-20T10:52:59.378748" elapsed="0.001172"/>
</kw>
<kw name="Sleep" owner="BuiltIn">
<msg time="2024-07-20T10:53:02.381648" level="INFO">Slept 3 seconds.</msg>
<arg>3</arg>
<doc>Pauses the test executed for the given time.</doc>
<status status="PASS" start="2024-07-20T10:52:59.379920" elapsed="3.001728"/>
</kw>
<kw name="Close All Browsers" owner="SeleniumLibrary">
<doc>Closes all open browsers and resets the browser cache.</doc>
<status status="PASS" start="2024-07-20T10:53:02.382177" elapsed="6.326996"/>
</kw>
<status status="PASS" start="2024-07-20T10:52:51.700892" elapsed="17.008281"/>
</test>
<status status="PASS" start="2024-07-20T10:52:51.423064" elapsed="17.287206"/>
</suite>
<statistics>
<total>
<stat pass="1" fail="0" skip="0">All Tests</stat>
</total>
<tag>
</tag>
<suite>
<stat pass="1" fail="0" skip="0" id="s1" name="Demo2">Demo2</stat>
</suite>
</statistics>
<errors>
</errors>
</robot>
