<?xml version="1.0" encoding="UTF-8"?>
<robot generator="Robot 7.0 (Python 3.12.2 on win32)" generated="2024-07-20T09:38:08.143206" rpa="false" schemaversion="5">
<suite id="s1" name="Open Google" source="C:\Users\One\Desktop\Robot_framework\open_google.robot">
<test id="s1-t1" name="Open Google Page" line="9">
<kw name="Open Browser" owner="SeleniumLibrary">
<msg time="2024-07-20T09:38:09.239048" level="INFO">Opening browser 'chrome' to base url 'https://www.google.com'.</msg>
<arg>${URL}</arg>
<arg>chrome</arg>
<doc>Opens a new browser instance to the optional ``url``.</doc>
<status status="PASS" start="2024-07-20T09:38:09.238050" elapsed="4.658156"/>
</kw>
<kw name="Maximize Browser Window" owner="SeleniumLibrary">
<doc>Maximizes current browser window.</doc>
<status status="PASS" start="2024-07-20T09:38:13.898214" elapsed="1.262884"/>
</kw>
<kw name="Sleep" owner="BuiltIn">
<msg time="2024-07-20T09:38:20.162733" level="INFO">Slept 5 seconds.</msg>
<arg>5</arg>
<doc>Pauses the test executed for the given time.</doc>
<status status="PASS" start="2024-07-20T09:38:15.161098" elapsed="5.001635"/>
</kw>
<kw name="Close Browser" owner="SeleniumLibrary" type="TEARDOWN">
<doc>Closes the current browser.</doc>
<status status="PASS" start="2024-07-20T09:38:20.163774" elapsed="2.721841"/>
</kw>
<status status="PASS" start="2024-07-20T09:38:09.233842" elapsed="13.652803"/>
</test>
<status status="PASS" start="2024-07-20T09:38:08.151526" elapsed="14.738131"/>
</suite>
<statistics>
<total>
<stat pass="1" fail="0" skip="0">All Tests</stat>
</total>
<tag>
</tag>
<suite>
<stat pass="1" fail="0" skip="0" id="s1" name="Open Google">Open Google</stat>
</suite>
</statistics>
<errors>
</errors>
</robot>
