<?xml version="1.0" encoding="UTF-8"?>
<robot generator="Robot 7.0.1 (Python 3.12.2 on win32)" generated="2024-08-10T11:12:44.296968" rpa="false" schemaversion="5">
<suite id="s1" name="Suites">
<suite id="s1-s1" name="Test Suite By Sir" source="C:\Users\One\Desktop\Robot_framework\testcases\test_suite_by_sir.robot">
<kw name="LaunchBrowser" type="SETUP">
<kw name="Open Browser" owner="SeleniumLibrary">
<msg time="2024-08-10T11:12:44.590800" level="INFO">Opening browser 'chrome' to base url 'https://practicetestautomation.com/practice-test-login/'.</msg>
<arg>${url}</arg>
<arg>${browser}</arg>
<doc>Opens a new browser instance to the optional ``url``.</doc>
<status status="PASS" start="2024-08-10T11:12:44.590800" elapsed="6.144150"/>
</kw>
<kw name="Maximize Browser Window" owner="SeleniumLibrary">
<doc>Maximizes current browser window.</doc>
<status status="PASS" start="2024-08-10T11:12:50.735946" elapsed="0.345610"/>
</kw>
<status status="PASS" start="2024-08-10T11:12:44.588760" elapsed="6.492796"/>
</kw>
<test id="s1-s1-t1" name="TestForTitle" line="37">
<kw name="LoginCheck" type="SETUP">
<kw name="Input Text" owner="SeleniumLibrary">
<msg time="2024-08-10T11:12:51.090495" level="INFO">Typing text 'student' into text field 'name:username'.</msg>
<arg>name:username</arg>
<arg>${username}</arg>
<doc>Types the given ``text`` into the text field identified by ``locator``.</doc>
<status status="PASS" start="2024-08-10T11:12:51.086558" elapsed="0.503050"/>
</kw>
<kw name="Input Text" owner="SeleniumLibrary">
<msg time="2024-08-10T11:12:51.591790" level="INFO">Typing text 'Password123' into text field 'id:password'.</msg>
<arg>id:password</arg>
<arg>${password}</arg>
<doc>Types the given ``text`` into the text field identified by ``locator``.</doc>
<status status="PASS" start="2024-08-10T11:12:51.590612" elapsed="0.260579"/>
</kw>
<kw name="Click Element" owner="SeleniumLibrary">
<msg time="2024-08-10T11:12:51.852187" level="INFO">Clicking element 'xpath://*[@id="submit"]'.</msg>
<arg>xpath://*[@id="submit"]</arg>
<doc>Click the element identified by ``locator``.</doc>
<status status="PASS" start="2024-08-10T11:12:51.851191" elapsed="1.584101"/>
</kw>
<status status="PASS" start="2024-08-10T11:12:51.083552" elapsed="2.352751"/>
</kw>
<kw name="Set Selenium Speed" owner="SeleniumLibrary">
<arg>2</arg>
<doc>Sets the delay that is waited after each Selenium command.</doc>
<status status="PASS" start="2024-08-10T11:12:53.436303" elapsed="0.001994"/>
</kw>
<kw name="CheckPgTitle">
<kw name="Title Should Be" owner="SeleniumLibrary">
<msg time="2024-08-10T11:12:55.476327" level="INFO">Page title is 'Logged In Successfully | Practice Test Automation'.</msg>
<arg>Logged In Successfully | Practice Test Automation</arg>
<doc>Verifies that the current page title equals ``title``.</doc>
<status status="PASS" start="2024-08-10T11:12:53.441049" elapsed="2.035278"/>
</kw>
<status status="PASS" start="2024-08-10T11:12:53.438814" elapsed="2.037513"/>
</kw>
<kw name="LogoutCheck" type="TEARDOWN">
<kw name="Click Element" owner="SeleniumLibrary">
<msg time="2024-08-10T11:12:55.478332" level="INFO">Clicking element 'xpath://*[@id="loop-container"]/div/article/div[2]/div/div/div/a'.</msg>
<arg>xpath://*[@id="loop-container"]/div/article/div[2]/div/div/div/a</arg>
<doc>Click the element identified by ``locator``.</doc>
<status status="PASS" start="2024-08-10T11:12:55.478332" elapsed="4.620171"/>
</kw>
<status status="PASS" start="2024-08-10T11:12:55.477826" elapsed="4.620677"/>
</kw>
<status status="PASS" start="2024-08-10T11:12:51.082555" elapsed="9.015948"/>
</test>
<test id="s1-s1-t2" name="TestForCourseCount" line="41">
<kw name="LoginCheck" type="SETUP">
<kw name="Input Text" owner="SeleniumLibrary">
<msg time="2024-08-10T11:13:00.101420" level="INFO">Typing text 'student' into text field 'name:username'.</msg>
<arg>name:username</arg>
<arg>${username}</arg>
<doc>Types the given ``text`` into the text field identified by ``locator``.</doc>
<status status="PASS" start="2024-08-10T11:13:00.101420" elapsed="6.146399"/>
</kw>
<kw name="Input Text" owner="SeleniumLibrary">
<msg time="2024-08-10T11:13:06.249412" level="INFO">Typing text 'Password123' into text field 'id:password'.</msg>
<arg>id:password</arg>
<arg>${password}</arg>
<doc>Types the given ``text`` into the text field identified by ``locator``.</doc>
<status status="PASS" start="2024-08-10T11:13:06.248391" elapsed="6.158421"/>
</kw>
<kw name="Click Element" owner="SeleniumLibrary">
<msg time="2024-08-10T11:13:12.408531" level="INFO">Clicking element 'xpath://*[@id="submit"]'.</msg>
<arg>xpath://*[@id="submit"]</arg>
<doc>Click the element identified by ``locator``.</doc>
<status status="PASS" start="2024-08-10T11:13:12.407374" elapsed="5.108426"/>
</kw>
<status status="PASS" start="2024-08-10T11:13:00.100034" elapsed="17.416273"/>
</kw>
<kw name="Set Selenium Speed" owner="SeleniumLibrary">
<arg>2</arg>
<doc>Sets the delay that is waited after each Selenium command.</doc>
<status status="PASS" start="2024-08-10T11:13:17.516307" elapsed="0.001003"/>
</kw>
<kw name="Click Element" owner="SeleniumLibrary">
<msg time="2024-08-10T11:13:17.517310" level="INFO">Clicking element 'xpath://*[@id="menu-item-21"]/a'.</msg>
<arg>xpath://*[@id="menu-item-21"]/a</arg>
<doc>Click the element identified by ``locator``.</doc>
<status status="PASS" start="2024-08-10T11:13:17.517310" elapsed="6.159773"/>
</kw>
<kw name="Get Element Count" owner="SeleniumLibrary">
<msg time="2024-08-10T11:13:25.716707" level="INFO">${res_count} = 4</msg>
<var>${res_count}</var>
<arg>xpath://*[@id="selenium-webdriver-with-java-for-beginners"]/a</arg>
<doc>Returns the number of elements matching ``locator``.</doc>
<status status="PASS" start="2024-08-10T11:13:23.677083" elapsed="2.041186"/>
</kw>
<kw name="Go Back" owner="SeleniumLibrary">
<doc>Simulates the user clicking the back button on their browser.</doc>
<status status="PASS" start="2024-08-10T11:13:25.720372" elapsed="2.138255"/>
</kw>
<kw name="Convert To String" owner="BuiltIn">
<msg time="2024-08-10T11:13:27.860865" level="INFO">${res_count} = 4</msg>
<var>${res_count}</var>
<arg>${res_count}</arg>
<doc>Converts the given item to a Unicode string.</doc>
<status status="PASS" start="2024-08-10T11:13:27.859666" elapsed="0.001199"/>
</kw>
<kw name="Convert To String" owner="BuiltIn">
<msg time="2024-08-10T11:13:27.864035" level="INFO">${expected_value} = 4</msg>
<var>${expected_value}</var>
<arg>${4}</arg>
<doc>Converts the given item to a Unicode string.</doc>
<status status="PASS" start="2024-08-10T11:13:27.861875" elapsed="0.002160"/>
</kw>
<kw name="Should Be Equal" owner="BuiltIn">
<arg>${res_count}</arg>
<arg>${expected_value}</arg>
<doc>Fails if the given objects are unequal.</doc>
<status status="PASS" start="2024-08-10T11:13:27.865045" elapsed="0.001992"/>
</kw>
<kw name="LogoutCheck" type="TEARDOWN">
<kw name="Click Element" owner="SeleniumLibrary">
<msg time="2024-08-10T11:13:27.870622" level="INFO">Clicking element 'xpath://*[@id="loop-container"]/div/article/div[2]/div/div/div/a'.</msg>
<arg>xpath://*[@id="loop-container"]/div/article/div[2]/div/div/div/a</arg>
<doc>Click the element identified by ``locator``.</doc>
<status status="PASS" start="2024-08-10T11:13:27.869616" elapsed="4.579784"/>
</kw>
<status status="PASS" start="2024-08-10T11:13:27.868611" elapsed="4.582467"/>
</kw>
<status status="PASS" start="2024-08-10T11:13:00.099529" elapsed="32.353678"/>
</test>
<kw name="CloseBrw" type="TEARDOWN">
<kw name="Close Browser" owner="SeleniumLibrary">
<doc>Closes the current browser.</doc>
<status status="PASS" start="2024-08-10T11:13:32.457213" elapsed="4.463440"/>
</kw>
<status status="PASS" start="2024-08-10T11:13:32.456217" elapsed="4.464436"/>
</kw>
<status status="PASS" start="2024-08-10T11:12:44.328821" elapsed="52.592829"/>
</suite>
<status status="PASS" start="2024-08-10T11:12:44.311311" elapsed="52.611337"/>
</suite>
<statistics>
<total>
<stat pass="2" fail="0" skip="0">All Tests</stat>
</total>
<tag>
</tag>
<suite>
<stat pass="2" fail="0" skip="0" id="s1" name="Suites">Suites</stat>
<stat pass="2" fail="0" skip="0" id="s1-s1" name="Test Suite By Sir">Suites.Test Suite By Sir</stat>
</suite>
</statistics>
<errors>
<msg time="2024-08-10T11:12:44.285877" level="WARN">Error in file 'C:\Users\One\Desktop\Robot_framework\testcases\test_login.robot' on line 56: The '[Return]' setting is deprecated. Use the 'RETURN' statement instead.</msg>
</errors>
</robot>
